<?xml version="1.0" encoding="UTF-8"?>
<testng-results skipped="0" failed="0" ignored="0" total="1" passed="1">
  <reporter-output>
  </reporter-output>
  <suite name="Default suite" duration-ms="9683" started-at="2022-03-23T14:15:41Z" finished-at="2022-03-23T14:15:51Z">
    <groups>
    </groups>
    <test name="Default test" duration-ms="9683" started-at="2022-03-23T14:15:41Z" finished-at="2022-03-23T14:15:51Z">
      <class name="HomePageTest">
        <test-method status="PASS" signature="loadConfig()[pri:0, instance:HomePageTest@43814d18]" name="loadConfig" is-config="true" duration-ms="15" started-at="2022-03-23T14:15:41Z" finished-at="2022-03-23T14:15:41Z">
          <reporter-output>
          </reporter-output>
        </test-method> <!-- loadConfig -->
        <test-method status="PASS" signature="setup()[pri:0, instance:HomePageTest@43814d18]" name="setup" is-config="true" duration-ms="4619" started-at="2022-03-23T14:15:41Z" finished-at="2022-03-23T14:15:46Z">
          <reporter-output>
          </reporter-output>
        </test-method> <!-- setup -->
        <test-method status="PASS" signature="TC_1verifySignIn()[pri:0, instance:HomePageTest@43814d18]" name="TC_1verifySignIn" duration-ms="5044" started-at="2022-03-23T14:15:46Z" finished-at="2022-03-23T14:15:51Z">
          <reporter-output>
          </reporter-output>
        </test-method> <!-- TC_1verifySignIn -->
        <test-method status="PASS" signature="tearDown()[pri:0, instance:HomePageTest@43814d18]" name="tearDown" is-config="true" duration-ms="0" started-at="2022-03-23T14:15:51Z" finished-at="2022-03-23T14:15:51Z">
          <reporter-output>
          </reporter-output>
        </test-method> <!-- tearDown -->
        <test-method status="PASS" signature="afterTest()[pri:0, instance:HomePageTest@43814d18]" name="afterTest" is-config="true" duration-ms="659" started-at="2022-03-23T14:15:51Z" finished-at="2022-03-23T14:15:52Z">
          <reporter-output>
          </reporter-output>
        </test-method> <!-- afterTest -->
      </class> <!-- HomePageTest -->
    </test> <!-- Default test -->
  </suite> <!-- Default suite -->
</testng-results>
